Arguments: 
  /Users/user/.nvm/versions/node/v14.19.0/bin/node /usr/local/bin/yarn

PATH: 
  /usr/local/opt/icu4c/sbin:/usr/local/opt/icu4c/bin:/usr/local/opt/php@7.4/sbin:/usr/local/opt/php@7.4/bin:/usr/local/opt/php@8.0/sbin:/usr/local/opt/php@8.0/bin:/Users/user/.nvm/versions/node/v14.19.0/bin:/usr/local/mongodb/bin:/usr/local/opt/php@7.4/bin:/usr/local/opt/php@7.4/sbin:/Library/Frameworks/Python.framework/Versions/3.9/bin:/usr/local/bin:/usr/bin:/bin:/usr/sbin:/sbin:/usr/local/opt/icu4c/sbin:/usr/local/opt/icu4c/bin:/usr/local/opt/php@7.4/sbin:/usr/local/opt/php@7.4/bin:/usr/local/opt/php@8.0/sbin:/usr/local/opt/php@8.0/bin:/opt/miniconda3/bin:/opt/miniconda3/condabin:/Users/user/.nvm/versions/node/v14.19.0/bin:/usr/local/mongodb/bin:/Library/Frameworks/Python.framework/Versions/3.9/bin

Yarn version: 
  1.22.10

Node version: 
  14.19.0

Platform: 
  darwin x64

Trace: 
  Error: ENOENT: no such file or directory, copyfile '/Users/user/Library/Caches/Yarn/v6/npm-ansi-styles-4.3.0-edd803628ae71c04c85ae7a0906edad34b648937-integrity/node_modules/ansi-styles/index.d.ts' -> '/Users/user/Desktop/笔记/DZ-餐厅预约/cool-uni/node_modules/ts-loader/node_modules/ansi-styles/index.d.ts'

npm manifest: 
  {
  	"name": "cool-uni",
  	"version": "6.1.0",
  	"license": "MIT",
  	"dependencies": {
  		"@dcloudio/uni-app": "^3.0.0-alpha-3070120230210001",
  		"@hyoga/uni-socket.io": "^3.0.4",
  		"dayjs": "^1.11.7",
  		"lodash-es": "^4.17.21",
  		"md5": "^2.3.0",
  		"mitt": "^3.0.0",
  		"pinia": "^2.0.30",
  		"vue": "^3.2.47",
  		"weixin-js-sdk": "^1.6.0"
  	},
  	"devDependencies": {
  		"@dcloudio/types": "^2.5.15",
  		"@types/lodash": "^4.14.178",
  		"@types/lodash-es": "^4.17.6",
  		"@types/md5": "^2.3.2",
  		"@types/node": "^17.0.4",
  		"@types/prettier": "^2.4.4",
  		"autoprefixer": "^10.4.0",
  		"lodash": "^4.17.21",
  		"prettier": "^2.5.1",
  		"ts-loader": "^9.2.6",
  		"typescript": "^4.5.2",
  		"vite": "^2.9.4"
  	}
  }

yarn manifest: 
  No manifest

Lockfile: 
  No lockfile
